<?xml version="1.0" encoding="UTF-8"?>
<!-- Generated by org.testng.reporters.JUnitReportReporter -->
<testsuite skipped="0" hostname="Ashwin" name="Ecommerce.OnlineShop.UserSmokeTest" tests="2" failures="0" timestamp="09 Oct 2019 09:19:15 GMT" time="20.886" errors="0">
  <testcase name="veryifyLaunchApp" time="14.266" classname="Ecommerce.OnlineShop.UserSmokeTest"/>
  <testcase name="veryifyElements" time="6.620" classname="Ecommerce.OnlineShop.UserSmokeTest"/>
</testsuite> <!-- Ecommerce.OnlineShop.UserSmokeTest -->
