<?xml version="1.0" encoding="UTF-8"?>
<!-- Generated by org.testng.reporters.JUnitReportReporter -->
<testsuite skipped="0" hostname="Ashwin" name="com.OnlineShop.UserSmokeTest" tests="2" failures="0" timestamp="09 Oct 2019 09:22:17 GMT" time="20.988" errors="0">
  <testcase name="veryifyLaunchApp" time="11.470" classname="com.OnlineShop.UserSmokeTest"/>
  <testcase name="veryifyElements" time="9.518" classname="com.OnlineShop.UserSmokeTest"/>
</testsuite> <!-- com.OnlineShop.UserSmokeTest -->
